Determining if files pthread.h exist failed with the following output:
Change Dir: /root/Ravecoin/build/release/CMakeFiles/CMakeTmp

Run Build Command:/usr/bin/make "cmTryCompileExec805941046/fast"
make[1]: Entering directory `/root/Ravecoin/build/release/CMakeFiles/CMakeTmp'
/usr/bin/make -f CMakeFiles/cmTryCompileExec805941046.dir/build.make CMakeFiles/cmTryCompileExec805941046.dir/build
make[2]: Entering directory `/root/Ravecoin/build/release/CMakeFiles/CMakeTmp'
/usr/bin/cmake -E cmake_progress_report /root/Ravecoin/build/release/CMakeFiles/CMakeTmp/CMakeFiles 1
Building C object CMakeFiles/cmTryCompileExec805941046.dir/CheckIncludeFiles.c.o
/usr/bin/cc   -std=c11 -D_GNU_SOURCE   -Wall -Wextra -Wpointer-arith -Wundef -Wvla -Wwrite-strings -Werror -Wno-error=extra -Wno-error=deprecated-declarations -Wno-error=sign-compare -Wno-error=strict-aliasing -Wno-error=type-limits -Wno-unused-parameter -Wno-error=unused-variable -Wno-error=undef -Wno-error=uninitialized -Wlogical-op -Wno-error=maybe-uninitialized -Waggregate-return -Wnested-externs -Wold-style-definition -Wstrict-prototypes -march=native -maes     -o CMakeFiles/cmTryCompileExec805941046.dir/CheckIncludeFiles.c.o   -c /root/Ravecoin/build/release/CMakeFiles/CMakeTmp/CheckIncludeFiles.c
/root/Ravecoin/build/release/CMakeFiles/CMakeTmp/CheckIncludeFiles.c:5:5: error: function declaration isn’t a prototype [-Werror=strict-prototypes]
 int main(){return 0;}
     ^
/root/Ravecoin/build/release/CMakeFiles/CMakeTmp/CheckIncludeFiles.c: In function ‘main’:
/root/Ravecoin/build/release/CMakeFiles/CMakeTmp/CheckIncludeFiles.c:5:5: error: old-style function definition [-Werror=old-style-definition]
cc1: all warnings being treated as errors
make[2]: Leaving directory `/root/Ravecoin/build/release/CMakeFiles/CMakeTmp'
make[2]: *** [CMakeFiles/cmTryCompileExec805941046.dir/CheckIncludeFiles.c.o] Error 1
make[1]: Leaving directory `/root/Ravecoin/build/release/CMakeFiles/CMakeTmp'
make[1]: *** [cmTryCompileExec805941046/fast] Error 2

Source:
/* */
#include <pthread.h>


int main(){return 0;}

